[0m23:14:58.749304 [debug] [MainThread]: Sending event: {'category': 'dbt', 'action': 'invocation', 'label': 'start', 'context': [<snowplow_tracker.self_describing_json.SelfDescribingJson object at 0x104c59400>, <snowplow_tracker.self_describing_json.SelfDescribingJson object at 0x105ce7b20>, <snowplow_tracker.self_describing_json.SelfDescribingJson object at 0x105ce77f0>]}


============================== 23:14:58.751422 | b26c0fd4-e9ea-40c7-b065-ff73549b8168 ==============================
[0m23:14:58.751422 [info ] [MainThread]: Running with dbt=1.10.22
[0m23:14:58.751690 [debug] [MainThread]: running dbt with arguments {'quiet': 'False', 'indirect_selection': 'eager', 'warn_error_options': 'WarnErrorOptionsV2(error=[], warn=[], silence=[])', 'log_format': 'default', 'cache_selected_only': 'False', 'empty': 'None', 'log_path': 'logs', 'target_path': 'None', 'printer_width': '80', 'log_cache_events': 'False', 'use_colors': 'True', 'static_parser': 'True', 'debug': 'False', 'profiles_dir': '/Users/huangwei/.dbt', 'fail_fast': 'False', 'partial_parse': 'True', 'no_print': 'None', 'introspect': 'True', 'version_check': 'True', 'send_anonymous_usage_stats': 'True', 'write_json': 'True', 'warn_error': 'None', 'invocation_command': 'dbt init dbt_olist', 'use_experimental_parser': 'False'}
[0m23:14:58.759206 [debug] [MainThread]: Starter project path: /Users/huangwei/M2/M2 Assignment Project/ecommerce-project/venv/lib/python3.9/site-packages/dbt/include/starter_project
[0m23:14:58.762081 [info ] [MainThread]: 
Your new dbt project "dbt_olist" was created!

For more information on how to configure the profiles.yml file,
please consult the dbt documentation here:

  https://docs.getdbt.com/docs/configure-your-profile

One more thing:

Need help? Don't hesitate to reach out to us via GitHub issues or on Slack:

  https://community.getdbt.com/

Happy modeling!

[0m23:14:58.762265 [info ] [MainThread]: Setting up your profile.
[0m23:15:09.999739 [debug] [MainThread]: Resource report: {"command_name": "init", "command_success": true, "command_wall_clock_time": 11.288349, "process_in_blocks": "0", "process_kernel_time": 0.090255, "process_mem_max_rss": "136986624", "process_out_blocks": "0", "process_user_time": 1.207275}
[0m23:15:10.000115 [debug] [MainThread]: Command `dbt init` succeeded at 23:15:10.000045 after 11.29 seconds
[0m23:15:10.000362 [debug] [MainThread]: Sending event: {'category': 'dbt', 'action': 'invocation', 'label': 'end', 'context': [<snowplow_tracker.self_describing_json.SelfDescribingJson object at 0x104c59400>, <snowplow_tracker.self_describing_json.SelfDescribingJson object at 0x105e27370>, <snowplow_tracker.self_describing_json.SelfDescribingJson object at 0x105ccc790>]}
[0m23:15:10.000618 [debug] [MainThread]: Flushing usage events
[0m23:15:11.390477 [debug] [MainThread]: An error was encountered while trying to flush usage events
[0m18:01:25.024678 [debug] [MainThread]: Sending event: {'category': 'dbt', 'action': 'invocation', 'label': 'start', 'context': [<snowplow_tracker.self_describing_json.SelfDescribingJson object at 0x1086187f0>, <snowplow_tracker.self_describing_json.SelfDescribingJson object at 0x1098c5820>, <snowplow_tracker.self_describing_json.SelfDescribingJson object at 0x1098c5b50>]}


============================== 18:01:25.027122 | 80a44977-8697-44c3-bdcd-296ccf5d1c54 ==============================
[0m18:01:25.027122 [info ] [MainThread]: Running with dbt=1.10.22
[0m18:01:25.027392 [debug] [MainThread]: running dbt with arguments {'write_json': 'True', 'printer_width': '80', 'log_path': 'logs', 'use_experimental_parser': 'False', 'cache_selected_only': 'False', 'version_check': 'True', 'no_print': 'None', 'introspect': 'True', 'use_colors': 'True', 'static_parser': 'True', 'fail_fast': 'False', 'invocation_command': 'dbt docs generate', 'profiles_dir': '/Users/huangwei/.dbt', 'debug': 'False', 'send_anonymous_usage_stats': 'True', 'warn_error': 'None', 'log_cache_events': 'False', 'indirect_selection': 'eager', 'partial_parse': 'True', 'warn_error_options': 'WarnErrorOptionsV2(error=[], warn=[], silence=[])', 'quiet': 'False', 'target_path': 'None', 'log_format': 'default', 'empty': 'None'}
[0m18:01:25.027687 [error] [MainThread]: Encountered an error:
Runtime Error
  No dbt_project.yml found at expected path /Users/huangwei/M2/M2 Assignment Project/ecommerce-project/dbt_project.yml
  Verify that each entry within packages.yml (and their transitive dependencies) contains a file named dbt_project.yml
  
[0m18:01:25.028711 [debug] [MainThread]: Resource report: {"command_name": "generate", "command_success": false, "command_wall_clock_time": 0.037704542, "process_in_blocks": "0", "process_kernel_time": 0.086677, "process_mem_max_rss": "120127488", "process_out_blocks": "0", "process_user_time": 1.130348}
[0m18:01:25.028913 [debug] [MainThread]: Command `dbt docs generate` failed at 18:01:25.028871 after 0.04 seconds
[0m18:01:25.029061 [debug] [MainThread]: Sending event: {'category': 'dbt', 'action': 'invocation', 'label': 'end', 'context': [<snowplow_tracker.self_describing_json.SelfDescribingJson object at 0x1086187f0>, <snowplow_tracker.self_describing_json.SelfDescribingJson object at 0x1098c53d0>, <snowplow_tracker.self_describing_json.SelfDescribingJson object at 0x1098c5130>]}
[0m18:01:25.029206 [debug] [MainThread]: Flushing usage events
[0m18:01:26.171134 [debug] [MainThread]: An error was encountered while trying to flush usage events
[0m18:01:27.529153 [debug] [MainThread]: Sending event: {'category': 'dbt', 'action': 'invocation', 'label': 'start', 'context': [<snowplow_tracker.self_describing_json.SelfDescribingJson object at 0x1047fd5e0>, <snowplow_tracker.self_describing_json.SelfDescribingJson object at 0x10588e4f0>, <snowplow_tracker.self_describing_json.SelfDescribingJson object at 0x10588e820>]}


============================== 18:01:27.530703 | bac2723a-84f7-4c74-9bef-035cd0b90a47 ==============================
[0m18:01:27.530703 [info ] [MainThread]: Running with dbt=1.10.22
[0m18:01:27.530965 [debug] [MainThread]: running dbt with arguments {'profiles_dir': '/Users/huangwei/.dbt', 'invocation_command': 'dbt docs serve', 'partial_parse': 'True', 'use_colors': 'True', 'printer_width': '80', 'indirect_selection': 'eager', 'send_anonymous_usage_stats': 'True', 'write_json': 'True', 'warn_error': 'None', 'quiet': 'False', 'target_path': 'None', 'log_cache_events': 'False', 'version_check': 'True', 'debug': 'False', 'introspect': 'True', 'empty': 'None', 'cache_selected_only': 'False', 'warn_error_options': 'WarnErrorOptionsV2(error=[], warn=[], silence=[])', 'fail_fast': 'False', 'use_experimental_parser': 'False', 'log_path': 'logs', 'no_print': 'None', 'static_parser': 'True', 'log_format': 'default'}
[0m18:01:27.531205 [error] [MainThread]: Encountered an error:
Runtime Error
  No dbt_project.yml found at expected path /Users/huangwei/M2/M2 Assignment Project/ecommerce-project/dbt_project.yml
  Verify that each entry within packages.yml (and their transitive dependencies) contains a file named dbt_project.yml
  
[0m18:01:27.532186 [debug] [MainThread]: Resource report: {"command_name": "serve", "command_success": false, "command_wall_clock_time": 0.034043208, "process_in_blocks": "0", "process_kernel_time": 0.059478, "process_mem_max_rss": "120864768", "process_out_blocks": "0", "process_user_time": 1.117537}
[0m18:01:27.532398 [debug] [MainThread]: Command `dbt docs serve` failed at 18:01:27.532356 after 0.03 seconds
[0m18:01:27.532560 [debug] [MainThread]: Sending event: {'category': 'dbt', 'action': 'invocation', 'label': 'end', 'context': [<snowplow_tracker.self_describing_json.SelfDescribingJson object at 0x1047fd5e0>, <snowplow_tracker.self_describing_json.SelfDescribingJson object at 0x10588e340>, <snowplow_tracker.self_describing_json.SelfDescribingJson object at 0x10588e4f0>]}
[0m18:01:27.532713 [debug] [MainThread]: Flushing usage events
[0m18:01:28.730969 [debug] [MainThread]: An error was encountered while trying to flush usage events
